C51 COMPILER V9.60.7.0   MAIN                                                              07/05/2023 17:22:18 PAGE 1   


C51 COMPILER V9.60.7.0, COMPILATION OF MODULE MAIN
OBJECT MODULE PLACED IN .\Objects\main.obj
COMPILER INVOKED BY: C:\Keil_v5\C51\BIN\C51.EXE Source\main.c OPTIMIZE(8,SPEED) BROWSE DEBUG OBJECTEXTEND PRINT(.\Listin
                    -gs\main.lst) TABS(2) OBJECT(.\Objects\main.obj)

line level    source

   1          #include "./Header/SERIAL.h"
   2          
   3          extern char Rx_Buf[MAX_BUF_SIZE];
   4          
   5          int main()
   6          {
   7   1        char Rx_Val;
   8   1        UART_Init();
   9   1        UART_Transmit_String("Hello World");
  10   1        while(1)
  11   1        {
  12   2          UART_Transmit_String("\r\n");
  13   2          UART_Transmit_String("1. Char Test\r\n");
  14   2          UART_Transmit_String("2. String Test\r\n");
  15   2          UART_Transmit_String("Enter Your Choice..\r\n");
  16   2          Rx_Val = UART_Receive_Byte();
  17   2          switch(Rx_Val)
  18   2          {
  19   3            case '1':
  20   3              UART_Transmit_String("Enter Char..\r\n");
  21   3              Rx_Val = UART_Receive_Byte();
  22   3              UART_Transmit_String("Entered Char : ");
  23   3              UART_Transmit_Byte(Rx_Val);
  24   3            break;  
  25   3            case '2':
  26   3              UART_Transmit_String("Enter String (Max 32 Byte)\r\n");
  27   3              UART_Receive_String();
  28   3              UART_Transmit_String("Entered String : ");
  29   3              UART_Transmit_String(Rx_Buf);
  30   3            break;
  31   3            default:
  32   3              UART_Transmit_String("Invalid Choice\r\n");
  33   3            break;      
  34   3          }
  35   2        }
  36   1      }


MODULE INFORMATION:   STATIC OVERLAYABLE
   CODE SIZE        =    134    ----
   CONSTANT SIZE    =    164    ----
   XDATA SIZE       =   ----    ----
   PDATA SIZE       =   ----    ----
   DATA SIZE        =   ----       1
   IDATA SIZE       =   ----    ----
   BIT SIZE         =   ----    ----
END OF MODULE INFORMATION.


C51 COMPILATION COMPLETE.  0 WARNING(S),  0 ERROR(S)
