C51 COMPILER V9.60.7.0   EXT_INTERRUPT                                                     07/05/2023 22:40:29 PAGE 1   


C51 COMPILER V9.60.7.0, COMPILATION OF MODULE EXT_INTERRUPT
OBJECT MODULE PLACED IN .\Objects\Ext_Interrupt.obj
COMPILER INVOKED BY: C:\Keil_v5\C51\BIN\C51.EXE Header\Ext_Interrupt.c OPTIMIZE(8,SPEED) BROWSE DEBUG OBJECTEXTEND PRINT
                    -(.\Listings\Ext_Interrupt.lst) TABS(2) OBJECT(.\Objects\Ext_Interrupt.obj)

line level    source

   1          #include "Ext_Interrupt.h"
   2          
   3          unsigned char count=0;
   4          
   5          void Ext_Interrupt_Init()
   6          {
   7   1        EA=1;
   8   1        EX0=1;
   9   1        IT0=1;
  10   1        EX1=1;
  11   1        IT1=1;
  12   1      }
  13          
  14          void Ext_0_ISR(void) interrupt 0
  15          {
  16   1        count++;
  17   1      }
  18          
  19          void Ext_1_ISR(void) interrupt 2
  20          { 
  21   1        count--;
  22   1      }


MODULE INFORMATION:   STATIC OVERLAYABLE
   CODE SIZE        =     17    ----
   CONSTANT SIZE    =   ----    ----
   XDATA SIZE       =   ----    ----
   PDATA SIZE       =   ----    ----
   DATA SIZE        =      1    ----
   IDATA SIZE       =   ----    ----
   BIT SIZE         =   ----    ----
END OF MODULE INFORMATION.


C51 COMPILATION COMPLETE.  0 WARNING(S),  0 ERROR(S)
