C51 COMPILER V9.60.7.0   DOT_MATRIX_LCD                                                    07/06/2023 21:16:51 PAGE 1   


C51 COMPILER V9.60.7.0, COMPILATION OF MODULE DOT_MATRIX_LCD
OBJECT MODULE PLACED IN .\Objects\Dot_Matrix_LCD.obj
COMPILER INVOKED BY: C:\Keil_v5\C51\BIN\C51.EXE Sample_Test\Dot_Matrix_LCD.c OPTIMIZE(8,SPEED) BROWSE DEBUG OBJECTEXTEND
                    - PRINT(.\Listings\Dot_Matrix_LCD.lst) TABS(2) OBJECT(.\Objects\Dot_Matrix_LCD.obj)

line level    source

   1          #include "./Library/Global.h"
   2          #if DOT_MATRIX_LCD_TEST == 1
              
              #include "./Library/Dot_Matrix_LCD_4bit_Mode.h"
              
              void Dot_Matrix_LCD_Test(void)
              {
                LCD_Init();
                while(1)
                {
                  LCD_Write_String("Hello World");
                }
              }
              
              #endif 


MODULE INFORMATION:   STATIC OVERLAYABLE
   CODE SIZE        =   ----    ----
   CONSTANT SIZE    =   ----    ----
   XDATA SIZE       =   ----    ----
   PDATA SIZE       =   ----    ----
   DATA SIZE        =   ----    ----
   IDATA SIZE       =   ----    ----
   BIT SIZE         =   ----    ----
END OF MODULE INFORMATION.


C51 COMPILATION COMPLETE.  0 WARNING(S),  0 ERROR(S)
