C51 COMPILER V9.60.7.0   EXT_INTERRUPT                                                     07/07/2023 15:06:39 PAGE 1   


C51 COMPILER V9.60.7.0, COMPILATION OF MODULE EXT_INTERRUPT
OBJECT MODULE PLACED IN .\Objects\Ext_Interrupt.obj
COMPILER INVOKED BY: C:\Keil_v5\C51\BIN\C51.EXE Library\Ext_Interrupt.c OPTIMIZE(8,SPEED) BROWSE DEBUG OBJECTEXTEND PRIN
                    -T(.\Listings\Ext_Interrupt.lst) TABS(2) OBJECT(.\Objects\Ext_Interrupt.obj)

line level    source

   1          #include "Ext_Interrupt.h"
   2          
   3          #if EXT_INTERRUPT_TEST == 1
              unsigned char count=0;
              
              void Ext_Interrupt_Init()
              {
                EA=1;
                EX0=1;
                IT0=1;
                EX1=1;
                IT1=1;
              }
              
              void Ext_0_ISR(void) interrupt 0
              {
                count++;
              }
              
              void Ext_1_ISR(void) interrupt 2
              { 
                count--;
              }
              #endif


MODULE INFORMATION:   STATIC OVERLAYABLE
   CODE SIZE        =   ----    ----
   CONSTANT SIZE    =   ----    ----
   XDATA SIZE       =   ----    ----
   PDATA SIZE       =   ----    ----
   DATA SIZE        =   ----    ----
   IDATA SIZE       =   ----    ----
   BIT SIZE         =   ----    ----
END OF MODULE INFORMATION.


C51 COMPILATION COMPLETE.  0 WARNING(S),  0 ERROR(S)
