C51 COMPILER V9.60.7.0   EXTERNAL_INTERRUPT                                                07/06/2023 17:37:51 PAGE 1   


C51 COMPILER V9.60.7.0, COMPILATION OF MODULE EXTERNAL_INTERRUPT
OBJECT MODULE PLACED IN .\Objects\External_Interrupt.obj
COMPILER INVOKED BY: C:\Keil_v5\C51\BIN\C51.EXE Sample_Test\External_Interrupt.c OPTIMIZE(8,SPEED) BROWSE DEBUG OBJECTEX
                    -TEND PRINT(.\Listings\External_Interrupt.lst) TABS(2) OBJECT(.\Objects\External_Interrupt.obj)

line level    source

   1          #include "./Library/Global.h"
   2          #if EXT_INTERRUPT_TEST == 1
              #include "./Library/Ext_Interrupt.h"
              
              extern unsigned char count;
              
              void Ext_Interrupt_Test(void)
              {
                Ext_Interrupt_Init();
                while(1)
                {
                  P2 = count;
                }
              }
              #endif


MODULE INFORMATION:   STATIC OVERLAYABLE
   CODE SIZE        =   ----    ----
   CONSTANT SIZE    =   ----    ----
   XDATA SIZE       =   ----    ----
   PDATA SIZE       =   ----    ----
   DATA SIZE        =   ----    ----
   IDATA SIZE       =   ----    ----
   BIT SIZE         =   ----    ----
END OF MODULE INFORMATION.


C51 COMPILATION COMPLETE.  0 WARNING(S),  0 ERROR(S)
