C51 COMPILER V9.60.7.0   MAIN                                                              07/06/2023 17:37:50 PAGE 1   


C51 COMPILER V9.60.7.0, COMPILATION OF MODULE MAIN
OBJECT MODULE PLACED IN .\Objects\main.obj
COMPILER INVOKED BY: C:\Keil_v5\C51\BIN\C51.EXE Source\main.c OPTIMIZE(8,SPEED) BROWSE DEBUG OBJECTEXTEND PRINT(.\Listin
                    -gs\main.lst) TABS(2) OBJECT(.\Objects\main.obj)

line level    source

   1          #include "./Library/Global.h"
   2          
   3          int main()
   4          {
   5   1        #if DOT_MATRIX_LCD_TEST == 1
                  Dot_Matrix_LCD_Test();
                #elif EXT_INTERRUPT_TEST == 1
                  Ext_Interrupt_Test();
                #elif I2C_INTERFACE_TEST == 1
                  I2C_Interface_Test();
                #elif UART_TEST == 1
                  UART_Test();
                #elif POWER_MODE_TEST == 1
                  POWER_Mode_Test();
                #elif TIMER_TEST == 1
                  TIMER_Test();
                #elif SPI_INTERFACE_TEST == 1
                  SPI_Interface_Test();
                #endif
  20   1        
  21   1        while(1);
  22   1      }
  23          


MODULE INFORMATION:   STATIC OVERLAYABLE
   CODE SIZE        =      2    ----
   CONSTANT SIZE    =   ----    ----
   XDATA SIZE       =   ----    ----
   PDATA SIZE       =   ----    ----
   DATA SIZE        =   ----    ----
   IDATA SIZE       =   ----    ----
   BIT SIZE         =   ----    ----
END OF MODULE INFORMATION.


C51 COMPILATION COMPLETE.  0 WARNING(S),  0 ERROR(S)
