C51 COMPILER V9.60.7.0   POWER_MODE                                                        07/07/2023 15:06:39 PAGE 1   


C51 COMPILER V9.60.7.0, COMPILATION OF MODULE POWER_MODE
OBJECT MODULE PLACED IN .\Objects\Power_Mode.obj
COMPILER INVOKED BY: C:\Keil_v5\C51\BIN\C51.EXE Library\Power_Mode.c OPTIMIZE(8,SPEED) BROWSE DEBUG OBJECTEXTEND PRINT(.
                    -\Listings\Power_Mode.lst) TABS(2) OBJECT(.\Objects\Power_Mode.obj)

line level    source

   1          #include "Power_Mode.h"
   2          
   3          #if POWER_MODE_TEST == 1
              // --------------------------------------------------------------- Global variables
              
              // --------------------------------------------------------------- Function definition
              void Power_Mode_Init(void)
              {
                IT0 = 1;          
                EX0 = 1;                  
                EA  = 1;    
                IP = 1; 
                PCON = 0x00;
              } 
              
              void Ext_0_ISR(void) interrupt 0
              {
                PCON = 0x00;
              }
              
              void Power_Mode_Delay(void)
              {
                TMOD = 0x01;
                TH0 = 0x4B;     
                TL0 = 0xFD;   
                TR0 = 1;      
                while(TF0 == 0);    
                TR0 = 0;      
                TF0 = 0;      
              }
              
              void Power_Mode_Idle(void)
              {
                PCON = 0x01;
              }
              
              void Power_Mode_Down(void)
              {
                PCON = 0x02;
              }
              
              #endif


MODULE INFORMATION:   STATIC OVERLAYABLE
   CODE SIZE        =   ----    ----
   CONSTANT SIZE    =   ----    ----
   XDATA SIZE       =   ----    ----
   PDATA SIZE       =   ----    ----
   DATA SIZE        =   ----    ----
   IDATA SIZE       =   ----    ----
   BIT SIZE         =   ----    ----
END OF MODULE INFORMATION.


C51 COMPILATION COMPLETE.  0 WARNING(S),  0 ERROR(S)
