C51 COMPILER V9.60.7.0   SPI_INTERFACE                                                     07/06/2023 22:01:58 PAGE 1   


C51 COMPILER V9.60.7.0, COMPILATION OF MODULE SPI_INTERFACE
OBJECT MODULE PLACED IN .\Objects\SPI_Interface.obj
COMPILER INVOKED BY: C:\Keil_v5\C51\BIN\C51.EXE Sample_Test\SPI_Interface.c OPTIMIZE(8,SPEED) BROWSE DEBUG OBJECTEXTEND 
                    -PRINT(.\Listings\SPI_Interface.lst) TABS(2) OBJECT(.\Objects\SPI_Interface.obj)

line level    source

   1          #include "./Library/Global.h"
   2          #if SPI_INTERFACE_TEST == 1
              
              #include "./Library/SPI.h"
              
              void SPI_Interface_Test(void)
              {
              
              }
              
              #endif 


MODULE INFORMATION:   STATIC OVERLAYABLE
   CODE SIZE        =   ----    ----
   CONSTANT SIZE    =   ----    ----
   XDATA SIZE       =   ----    ----
   PDATA SIZE       =   ----    ----
   DATA SIZE        =   ----    ----
   IDATA SIZE       =   ----    ----
   BIT SIZE         =   ----    ----
END OF MODULE INFORMATION.


C51 COMPILATION COMPLETE.  0 WARNING(S),  0 ERROR(S)
