C51 COMPILER V9.60.7.0   TIMER                                                             07/06/2023 21:16:50 PAGE 1   


C51 COMPILER V9.60.7.0, COMPILATION OF MODULE TIMER
OBJECT MODULE PLACED IN .\Objects\Timer.obj
COMPILER INVOKED BY: C:\Keil_v5\C51\BIN\C51.EXE Library\Timer.c OPTIMIZE(8,SPEED) BROWSE DEBUG OBJECTEXTEND PRINT(.\List
                    -ings\Timer.lst) TABS(2) OBJECT(.\Objects\Timer.obj)

line level    source

   1          #include "TIMER.h"
   2          
   3          #if TIMER_TEST == 1
   4          // --------------------------------------------------------------- Global variables
   5          sbit LED = P1^7;
   6          // --------------------------------------------------------------- Function definition
   7          void TIMER_Init(void)
   8          {
   9   1        TMOD=0x11; 
  10   1      }
  11          
  12          void TIMER0_Delay(void)
  13          {
  14   1        TH0=0x4B; // for 50 Ms at 11.0592 MHz
  15   1        TL0=0xFD;
  16   1        TR0=1;
  17   1        ET0= 1;           
  18   1        EA = 1;          
  19   1      } 
  20          
  21          void TIMER1_Delay(void)
  22          {
  23   1        TH1=0x3C; // for 50 Ms at 12 MHz
  24   1        TL1=0xB0;
  25   1        TR1=1;
  26   1        ET1= 1;           
  27   1        EA = 1;  
  28   1      }
  29          
  30          void TIMER0_ISR() interrupt 1
  31          {
  32   1          TH0 = 0X4B;       
  33   1          TL0 = 0XFD;
  34   1          LED=~LED; 
  35   1      }
  36          
  37          void TIMER1_ISR() interrupt 3
  38          {
  39   1          TH1 = 0X3C;       
  40   1          TL1 = 0XB0;
  41   1          LED=~LED; 
  42   1      }
  43          
  44          
  45          #endif


MODULE INFORMATION:   STATIC OVERLAYABLE
   CODE SIZE        =     48    ----
   CONSTANT SIZE    =   ----    ----
   XDATA SIZE       =   ----    ----
   PDATA SIZE       =   ----    ----
   DATA SIZE        =   ----    ----
   IDATA SIZE       =   ----    ----
C51 COMPILER V9.60.7.0   TIMER                                                             07/06/2023 21:16:50 PAGE 2   

   BIT SIZE         =   ----    ----
END OF MODULE INFORMATION.


C51 COMPILATION COMPLETE.  0 WARNING(S),  0 ERROR(S)
