C51 COMPILER V9.60.7.0   UART_INTERFACE                                                    07/07/2023 15:52:04 PAGE 1   


C51 COMPILER V9.60.7.0, COMPILATION OF MODULE UART_INTERFACE
OBJECT MODULE PLACED IN .\Objects\UART_Interface.obj
COMPILER INVOKED BY: C:\Keil_v5\C51\BIN\C51.EXE Sample_Test\UART_Interface.c OPTIMIZE(8,SPEED) BROWSE DEBUG OBJECTEXTEND
                    - PRINT(.\Listings\UART_Interface.lst) TABS(2) OBJECT(.\Objects\UART_Interface.obj)

line level    source

   1          #include "./Library/Global.h"
   2          #include "./Library/UART.h"
   3          
   4          #if UART_TEST == 1
   5          extern char Rx_Buf[MAX_BUF_SIZE];
   6          
   7          //====================================== GSM Module Interface
   8          int Check_OK(void)
   9          {
  10   1          UART_Receive_String();
  11   1          if((Rx_Buf[0]=='O')&&(Rx_Buf[1]=='K'))
  12   1            {
  13   2              Rx_Buf[0]='\0';
  14   2              return 1;
  15   2            }
  16   1          else
  17   1            {
  18   2              Rx_Buf[0]='\0';
  19   2              return 0;
  20   2            }
  21   1      }
  22          
  23          void SMS_send(void)
  24          { 
  25   1            int Check_Count=0;
  26   1            do
  27   1            {
  28   2                UART_Transmit_String("AT\r\0");                         // connection check
  29   2                UART_Delay(1000);
  30   2                Check_Count++;
  31   2                if(Check_Count>=5)
  32   2                  goto EXIT;
  33   2            }while(Check_OK()!=1);
  34   1            Check_Count=0;
  35   1            do
  36   1            {
  37   2                UART_Transmit_String("AT+CMGF=1\r\0");                  // check modem is working or not
  38   2                UART_Delay(1000);
  39   2                Check_Count++;
  40   2                if(Check_Count>=5)
  41   2                  goto EXIT;
  42   2            }while(Check_OK()!=1);
  43   1            
  44   1            UART_Transmit_String("AT+CMGS=XXXXXXXXXX\r\0");             // Change XXXXXXXXXX to Mobile Number on which yo
             -u want to send sms
  45   1            UART_Transmit_String("Hello! Richard Parker. \r\0");        // sms 
  46   1            UART_Transmit_Byte(0x1A);
  47   1          EXIT:
  48   1            UART_Delay(1000);
  49   1      }
  50          
  51          
  52          void UART_Test(void)
  53          {
C51 COMPILER V9.60.7.0   UART_INTERFACE                                                    07/07/2023 15:52:04 PAGE 2   

  54   1        char Rx_Val;
  55   1        UART_Init();
  56   1        UART_Transmit_String("Hello World");
  57   1        while(1)
  58   1        {
  59   2          UART_Transmit_String("\r\n");
  60   2          UART_Transmit_String("1. Char Test\r\n");
  61   2          UART_Transmit_String("2. String Test\r\n");
  62   2          UART_Transmit_String("Enter Your Choice..\r\n");
  63   2          Rx_Val = UART_Receive_Byte();
  64   2          switch(Rx_Val)
  65   2          {
  66   3            case '1':
  67   3              UART_Transmit_String("Enter Char..\r\n");
  68   3              Rx_Val = UART_Receive_Byte();
  69   3              UART_Transmit_String("Entered Char : ");
  70   3              UART_Transmit_Byte(Rx_Val);
  71   3            break;  
  72   3            case '2':
  73   3              UART_Transmit_String("Enter String (Max 32 Byte)\r\n");
  74   3              UART_Receive_String();
  75   3              UART_Transmit_String("Entered String : ");
  76   3              UART_Transmit_String(Rx_Buf);
  77   3            break;
  78   3            default:
  79   3              UART_Transmit_String("Invalid Choice\r\n");
  80   3            break;      
  81   3          }
  82   2        }
  83   1      }
  84          
  85          
  86          
  87          #endif


MODULE INFORMATION:   STATIC OVERLAYABLE
   CODE SIZE        =    287    ----
   CONSTANT SIZE    =    228    ----
   XDATA SIZE       =   ----    ----
   PDATA SIZE       =   ----    ----
   DATA SIZE        =   ----       3
   IDATA SIZE       =   ----    ----
   BIT SIZE         =   ----    ----
END OF MODULE INFORMATION.


C51 COMPILATION COMPLETE.  0 WARNING(S),  0 ERROR(S)
